Build started 5/9/2013 7:20:23 PM.
     1>Project "C:\Users\Ben\Documents\Visual Studio 2010\Projects\SFML_Starter_Project\SFML_Starter_Project\SFML_Starter_Project.vcxproj" on node 2 (build target(s)).
     1>InitializeBuildStatus:
         Creating "Debug\SFML_Starter_Project.unsuccessfulbuild" because "AlwaysCreate" was specified.
       ClCompile:
         e:\Ultilities\Microsoft Visual Studio 10.0\VC\bin\CL.exe /c /I"C:\Users\Ben\Documents\SFML-2.0\include" /ZI /nologo /W3 /WX- /Od /Oy- /D SFML_STATIC /D WIN32 /D _DEBUG /D _CONSOLE /D _UNICODE /D UNICODE /Gm /EHsc /RTC1 /MDd /GS /fp:precise /Zc:wchar_t /Zc:forScope /Fo"Debug\\" /Fd"Debug\vc100.pdb" /Gd /TP /analyze- /errorReport:prompt FieldManager.cpp
         FieldManager.cpp
       ManifestResourceCompile:
         All outputs are up-to-date.
       Link:
         e:\Ultilities\Microsoft Visual Studio 10.0\VC\bin\link.exe /ERRORREPORT:PROMPT /OUT:"C:\Users\Ben\Documents\Visual Studio 2010\Projects\SFML_Starter_Project\Debug\SFML_Starter_Project.exe" /INCREMENTAL /NOLOGO /LIBPATH:"C:\Users\Ben\Documents\SFML-2.0\lib" "sfml-graphics-s-d.lib" "sfml-window-s-d.lib" "sfml-system-s-d.lib" "sfml-audio-s-d.lib" kernel32.lib user32.lib gdi32.lib winspool.lib comdlg32.lib advapi32.lib shell32.lib ole32.lib oleaut32.lib uuid.lib odbc32.lib odbccp32.lib kernel32.lib user32.lib gdi32.lib winspool.lib comdlg32.lib advapi32.lib shell32.lib ole32.lib oleaut32.lib uuid.lib odbc32.lib odbccp32.lib /MANIFEST /ManifestFile:"Debug\SFML_Starter_Project.exe.intermediate.manifest" /MANIFESTUAC:"level='asInvoker' uiAccess='false'" /DEBUG /PDB:"C:\Users\Ben\Documents\Visual Studio 2010\Projects\SFML_Starter_Project\Debug\SFML_Starter_Project.pdb" /SUBSYSTEM:CONSOLE /TLBID:1 /DYNAMICBASE /NXCOMPAT /IMPLIB:"C:\Users\Ben\Documents\Visual Studio 2010\Projects\SFML_Starter_Project\Debug\SFML_Starter_Project.lib" /MACHINE:X86 Debug\SFML_Starter_Project.exe.embed.manifest.res
         Debug\Ball.obj
         Debug\FieldManager.obj
         Debug\main.obj
         Debug\Player.obj
       Manifest:
         C:\Program Files (x86)\Microsoft SDKs\Windows\v7.0A\bin\mt.exe /nologo /verbose /out:"Debug\SFML_Starter_Project.exe.embed.manifest" /manifest Debug\SFML_Starter_Project.exe.intermediate.manifest
         All outputs are up-to-date.
       LinkEmbedManifest:
         All outputs are up-to-date.
         SFML_Starter_Project.vcxproj -> C:\Users\Ben\Documents\Visual Studio 2010\Projects\SFML_Starter_Project\Debug\SFML_Starter_Project.exe
       FinalizeBuildStatus:
         Deleting file "Debug\SFML_Starter_Project.unsuccessfulbuild".
         Touching "Debug\SFML_Starter_Project.lastbuildstate".
     1>Done Building Project "C:\Users\Ben\Documents\Visual Studio 2010\Projects\SFML_Starter_Project\SFML_Starter_Project\SFML_Starter_Project.vcxproj" (build target(s)).

Build succeeded.

Time Elapsed 00:00:00.90
