Build started 5/31/2013 3:34:56 AM.
     1>Project "C:\Users\Ben\Documents\Visual Studio 2010\Projects\Pong\SFML_Starter_Project\SFML_Starter_Project.vcxproj" on node 2 (build target(s)).
     1>InitializeBuildStatus:
         Creating "Release\Pong.unsuccessfulbuild" because "AlwaysCreate" was specified.
       ClCompile:
         All outputs are up-to-date.
       Link:
         e:\Ultilities\Microsoft Visual Studio 10.0\VC\bin\link.exe /ERRORREPORT:PROMPT /OUT:"C:\Users\Ben\Documents\Visual Studio 2010\Projects\Pong\Release\Pong.exe" /INCREMENTAL:NO /NOLOGO /LIBPATH:"C:\Users\Ben\Documents\SFML-2.0\lib" "sfml-graphics-s.lib" "sfml-window-s.lib" "sfml-system-s.lib" "sfml-audio-s.lib" kernel32.lib user32.lib gdi32.lib winspool.lib comdlg32.lib advapi32.lib shell32.lib ole32.lib oleaut32.lib uuid.lib odbc32.lib odbccp32.lib kernel32.lib user32.lib gdi32.lib winspool.lib comdlg32.lib advapi32.lib shell32.lib ole32.lib oleaut32.lib uuid.lib odbc32.lib odbccp32.lib /MANIFEST /ManifestFile:"Release\Pong.exe.intermediate.manifest" /MANIFESTUAC:"level='asInvoker' uiAccess='false'" /DEBUG /PDB:"C:\Users\Ben\Documents\Visual Studio 2010\Projects\Pong\Release\Pong.pdb" /SUBSYSTEM:CONSOLE /OPT:REF /OPT:ICF /LTCG /TLBID:1 /DYNAMICBASE /NXCOMPAT /IMPLIB:"C:\Users\Ben\Documents\Visual Studio 2010\Projects\Pong\Release\Pong.lib" /MACHINE:X86 Release\Ball.obj
         Release\FieldManager.obj
         Release\main.obj
         Release\Player.obj
         Generating code
         Finished generating code
         SFML_Starter_Project.vcxproj -> C:\Users\Ben\Documents\Visual Studio 2010\Projects\Pong\Release\Pong.exe
       Manifest:
         C:\Program Files (x86)\Microsoft SDKs\Windows\v7.0A\bin\mt.exe /nologo /verbose /outputresource:"C:\Users\Ben\Documents\Visual Studio 2010\Projects\Pong\Release\Pong.exe;#1" /manifest Release\Pong.exe.intermediate.manifest
       FinalizeBuildStatus:
         Deleting file "Release\Pong.unsuccessfulbuild".
         Touching "Release\Pong.lastbuildstate".
     1>Done Building Project "C:\Users\Ben\Documents\Visual Studio 2010\Projects\Pong\SFML_Starter_Project\SFML_Starter_Project.vcxproj" (build target(s)).

Build succeeded.

Time Elapsed 00:00:01.32
